<?xml version="1.0" encoding="UTF-8"?>
<!-- Generated by org.testng.reporters.JUnitReportReporter -->
<testsuite hostname="RRT-Upasraya" failures="0" tests="6" name="main.ExcelDPMain" time="4.876" errors="0" timestamp="2023-05-12T11:56:05 IST" skipped="1">
  <testcase classname="main.ExcelDPMain" name="checkTitle" time="0.051"/>
  <system-out/>
  <testcase classname="main.ExcelDPMain" name="checkUsers" time="1.183"/>
  <system-out/>
  <testcase classname="main.ExcelDPMain" name="checkUsers" time="1.257"/>
  <system-out/>
  <testcase classname="main.ExcelDPMain" name="checkUsers" time="1.197"/>
  <system-out/>
  <testcase classname="main.ExcelDPMain" name="checkUsers" time="1.188"/>
  <system-out/>
  <testcase classname="main.ExcelDPMain" name="sampleDP">
    <skipped/>
  </testcase> <!-- sampleDP -->
  <system-out/>
</testsuite> <!-- main.ExcelDPMain -->
